2025-06-19 11:29:26,834 - IndustrialMonitor - INFO - Starting industrial monitoring system
2025-06-19 11:30:18,262 - IndustrialMonitor - INFO - Starting industrial monitoring system
2025-06-19 11:33:12,910 - IndustrialMonitor - INFO - Starting industrial monitoring system
2025-06-19 11:33:12,910 - IndustrialMonitor - INFO - Processing: t1.json
2025-06-19 11:33:12,922 - IndustrialMonitor - INFO - Processed: t1.json -> Status: Normal
2025-06-19 11:33:12,939 - IndustrialMonitor - INFO - Generated daily report: reports/daily_report_20250619.txt
2025-06-19 11:33:12,940 - IndustrialMonitor - INFO - Monitoring cycle completed
2025-06-19 17:21:21,345 - IndustrialMonitor - INFO - Starting industrial monitoring system
2025-06-19 17:21:21,346 - IndustrialMonitor - INFO - Processing: t1.json
2025-06-19 17:21:21,348 - IndustrialMonitor - INFO - Processed: t1.json -> Status: Normal
2025-06-19 17:21:21,357 - IndustrialMonitor - INFO - Generated daily report: reports/daily_report_20250619.txt
2025-06-19 17:21:21,357 - IndustrialMonitor - INFO - Monitoring cycle completed
2025-06-19 17:22:53,137 - IndustrialMonitor - INFO - Starting industrial monitoring system
2025-06-19 17:22:53,138 - IndustrialMonitor - INFO - Processing: t1.json
2025-06-19 17:22:53,138 - IndustrialMonitor - INFO - Processed: t1.json -> Status: Normal
2025-06-19 17:22:53,140 - IndustrialMonitor - INFO - Generated daily report: reports/daily_report_20250619.txt
2025-06-19 17:22:53,140 - IndustrialMonitor - INFO - Monitoring cycle completed
2025-06-19 17:23:15,556 - IndustrialMonitor - INFO - Starting industrial monitoring system
2025-06-19 17:23:15,556 - IndustrialMonitor - INFO - Processing: t1.json
2025-06-19 17:23:15,557 - IndustrialMonitor - INFO - Processed: t1.json -> Status: Normal
2025-06-19 17:25:35,247 - IndustrialMonitor - INFO - Starting industrial monitoring system
2025-06-19 17:25:35,248 - IndustrialMonitor - INFO - Processing: t1.json
2025-06-19 17:25:35,248 - IndustrialMonitor - INFO - Processed: t1.json -> Status: Normal
2025-06-19 17:25:35,250 - IndustrialMonitor - INFO - Generated daily report: ./reports/daily_report_20250619.txt
2025-06-19 17:25:35,250 - IndustrialMonitor - INFO - Monitoring cycle completed
